23:51:20,716 DEBUG JavaFX Application Thread DAOSQLite:connect:56 - Connected
23:52:25,381 DEBUG JavaFX Application Thread DAOSQLite:connect:56 - Connected
23:53:30,599 DEBUG JavaFX Application Thread DAOSQLite:connect:56 - Connected
00:00:44,981 DEBUG JavaFX Application Thread DAOSQLite:connect:56 - Connected
00:03:16,196 DEBUG JavaFX Application Thread DAOSQLite:connect:56 - Connected
00:04:48,248 DEBUG JavaFX Application Thread DAOSQLite:connect:56 - Connected
00:05:43,231 DEBUG JavaFX Application Thread DAOSQLite:connect:56 - Connected
00:06:36,871 DEBUG JavaFX Application Thread DAOSQLite:connect:56 - Connected
00:12:53,774 DEBUG JavaFX Application Thread DAOSQLite:connect:56 - Connected
00:14:16,331 DEBUG JavaFX Application Thread DAOSQLite:connect:56 - Connected
00:15:07,721 DEBUG JavaFX Application Thread DAOSQLite:disconnect:69 - Disconnected
00:15:13,334 DEBUG JavaFX Application Thread DAOSQLite:connect:56 - Connected
00:15:43,276 DEBUG JavaFX Application Thread DAOSQLite:disconnect:69 - Disconnected
00:16:54,439 DEBUG JavaFX Application Thread DAOSQLite:connect:56 - Connected
00:17:34,046 DEBUG JavaFX Application Thread DAOSQLite:connect:56 - Connected
00:19:16,935 DEBUG JavaFX Application Thread DAOSQLite:connect:56 - Connected
00:19:52,110 DEBUG JavaFX Application Thread DAOSQLite:disconnect:69 - Disconnected
00:20:18,018 DEBUG JavaFX Application Thread DAOSQLite:connect:56 - Connected
00:20:19,516 DEBUG JavaFX Application Thread DAOSQLite:disconnect:69 - Disconnected
00:20:26,038 DEBUG JavaFX Application Thread DAOSQLite:connect:56 - Connected
00:20:33,854 DEBUG JavaFX Application Thread DAOSQLite:connect:56 - Connected
00:20:35,179 DEBUG JavaFX Application Thread DAOSQLite:disconnect:69 - Disconnected
00:22:16,022 DEBUG JavaFX Application Thread DAOSQLite:connect:56 - Connected
00:24:44,209 DEBUG JavaFX Application Thread DAOSQLite:disconnect:69 - Disconnected
00:27:11,513 DEBUG JavaFX Application Thread DAOSQLite:connect:56 - Connected
00:27:30,900 DEBUG JavaFX Application Thread DAOSQLite:disconnect:69 - Disconnected
00:31:56,758 DEBUG JavaFX Application Thread DAOSQLite:connect:56 - Connected
00:31:58,798 DEBUG JavaFX Application Thread DAOSQLite:disconnect:69 - Disconnected
00:35:31,567 DEBUG JavaFX Application Thread DAOSQLite:connect:56 - Connected
00:38:14,967 DEBUG JavaFX Application Thread DAOSQLite:disconnect:69 - Disconnected
00:38:21,717 DEBUG JavaFX Application Thread DAOSQLite:connect:56 - Connected
00:39:02,734 DEBUG JavaFX Application Thread DAOSQLite:disconnect:69 - Disconnected
00:41:01,245 DEBUG JavaFX Application Thread DAOSQLite:connect:56 - Connected
00:42:19,597 DEBUG JavaFX Application Thread DAOSQLite:connect:56 - Connected
00:50:12,357 DEBUG JavaFX Application Thread DAOSQLite:connect:56 - Connected
00:52:31,352 DEBUG JavaFX Application Thread DAOSQLite:connect:56 - Connected
00:58:24,042 DEBUG JavaFX Application Thread DAOSQLite:connect:56 - Connected
00:58:38,157 DEBUG JavaFX Application Thread DAOSQLite:disconnect:69 - Disconnected
00:58:59,472 DEBUG JavaFX Application Thread DAOSQLite:connect:56 - Connected
16:17:44,504 DEBUG JavaFX Application Thread DAOSQLite:connect:56 - Connected
16:18:30,904 DEBUG JavaFX Application Thread DAOSQLite:disconnect:69 - Disconnected
16:45:10,067 DEBUG JavaFX Application Thread DAOSQLite:connect:56 - Connected
16:45:19,011 DEBUG JavaFX Application Thread DAOSQLite:connect:56 - Connected
23:55:35,956 DEBUG JavaFX Application Thread DAOSQLite:connect:56 - Connected
23:56:32,730 DEBUG JavaFX Application Thread DAOSQLite:connect:56 - Connected
00:05:03,763 DEBUG JavaFX Application Thread DAOSQLite:connect:56 - Connected
00:21:45,019 DEBUG JavaFX Application Thread DAOSQLite:connect:56 - Connected
00:22:19,133 DEBUG JavaFX Application Thread DAOSQLite:disconnect:69 - Disconnected
00:38:59,788 DEBUG JavaFX Application Thread DAOSQLite:connect:56 - Connected
00:39:04,472 DEBUG JavaFX Application Thread DAOSQLite:connect:56 - Connected
00:39:18,931 DEBUG JavaFX Application Thread DAOSQLite:disconnect:69 - Disconnected
00:41:08,980 DEBUG JavaFX Application Thread DAOSQLite:connect:56 - Connected
00:41:34,495 DEBUG JavaFX Application Thread DAOSQLite:disconnect:69 - Disconnected
00:41:56,443 DEBUG JavaFX Application Thread DAOSQLite:connect:56 - Connected
00:42:07,334 DEBUG JavaFX Application Thread DAOSQLite:connect:56 - Connected
00:42:45,115 DEBUG JavaFX Application Thread DAOSQLite:disconnect:69 - Disconnected
00:43:49,620 DEBUG JavaFX Application Thread DAOSQLite:connect:56 - Connected
00:44:00,616 DEBUG JavaFX Application Thread DAOSQLite:connect:56 - Connected
00:46:21,586 DEBUG JavaFX Application Thread DAOSQLite:connect:56 - Connected
10:26:16,773 DEBUG JavaFX Application Thread DAOSQLite:connect:56 - Connected
10:27:02,435 DEBUG JavaFX Application Thread DAOSQLite:disconnect:69 - Disconnected
10:29:56,166 DEBUG JavaFX Application Thread DAOSQLite:connect:56 - Connected
10:57:25,089 DEBUG JavaFX Application Thread DAOSQLite:connect:56 - Connected
10:57:33,615 DEBUG JavaFX Application Thread DAOSQLite:connect:56 - Connected
19:22:53,086 DEBUG JavaFX Application Thread DAOSQLite:connect:56 - Connected
19:23:08,794 DEBUG JavaFX Application Thread DAOSQLite:disconnect:69 - Disconnected
19:28:55,433 DEBUG JavaFX Application Thread DAOSQLite:connect:56 - Connected
19:29:05,983 DEBUG JavaFX Application Thread DAOSQLite:disconnect:69 - Disconnected
23:22:27,952 DEBUG JavaFX Application Thread DAOSQLite:connect:56 - Connected
23:23:38,912 DEBUG JavaFX Application Thread DAOSQLite:disconnect:69 - Disconnected
00:51:50,979 DEBUG JavaFX Application Thread DAOSQLite:connect:56 - Connected
13:13:54,559 DEBUG JavaFX Application Thread DAOSQLite:connect:56 - Connected
13:19:48,512 DEBUG JavaFX Application Thread DAOSQLite:connect:56 - Connected
14:26:52,961 DEBUG Thread-5 DAOSQLite:connect:56 - Connected
14:27:28,125 DEBUG JavaFX Application Thread DAOSQLite:disconnect:69 - Disconnected
14:28:58,921 DEBUG Thread-5 DAOSQLite:connect:56 - Connected
15:36:27,417 DEBUG Thread-5 DAOSQLite:connect:56 - Connected
15:36:41,303 DEBUG JavaFX Application Thread DAOSQLite:disconnect:69 - Disconnected
18:36:24,961 DEBUG Thread-5 DAOSQLite:connect:59 - Connected
18:36:35,465 DEBUG JavaFX Application Thread DAOSQLite:disconnect:77 - Disconnected
19:11:46,473 DEBUG Thread-5 DAOSQLite:connect:58 - Connected
19:11:46,922 ERROR JavaFX Application Thread DAOSQLite:pullWorkingTree:139 - SQL Exception!
java.sql.SQLException: statement is not executing
	at org.sqlite.core.CoreStatement.checkOpen(CoreStatement.java:50)
	at org.sqlite.core.CorePreparedStatement.batch(CorePreparedStatement.java:117)
	at org.sqlite.jdbc3.JDBC3PreparedStatement.setString(JDBC3PreparedStatement.java:421)
	at controller.dao.DAOSQLite.pullWorkingTree(DAOSQLite.java:127)
	at model.Model.<clinit>(Model.java:74)
	at view.context.RowContextMenu.<init>(RowContextMenu.java:62)
	at controller.stagecontrollers.MainStageController.<init>(MainStageController.java:76)
	at sun.reflect.NativeConstructorAccessorImpl.newInstance0(Native Method)
	at sun.reflect.NativeConstructorAccessorImpl.newInstance(NativeConstructorAccessorImpl.java:62)
	at sun.reflect.DelegatingConstructorAccessorImpl.newInstance(DelegatingConstructorAccessorImpl.java:45)
	at java.lang.reflect.Constructor.newInstance(Constructor.java:423)
	at java.lang.Class.newInstance(Class.java:442)
	at sun.reflect.misc.ReflectUtil.newInstance(ReflectUtil.java:51)
	at javafx.fxml.FXMLLoader$ValueElement.processAttribute(FXMLLoader.java:927)
	at javafx.fxml.FXMLLoader$InstanceDeclarationElement.processAttribute(FXMLLoader.java:971)
	at javafx.fxml.FXMLLoader$Element.processStartElement(FXMLLoader.java:220)
	at javafx.fxml.FXMLLoader$ValueElement.processStartElement(FXMLLoader.java:744)
	at javafx.fxml.FXMLLoader.processStartElement(FXMLLoader.java:2707)
	at javafx.fxml.FXMLLoader.loadImpl(FXMLLoader.java:2527)
	at javafx.fxml.FXMLLoader.loadImpl(FXMLLoader.java:2441)
	at javafx.fxml.FXMLLoader.load(FXMLLoader.java:2409)
	at view.View.<clinit>(View.java:88)
	at Catty.start(Catty.java:63)
	at com.sun.javafx.application.LauncherImpl.lambda$launchApplication1$162(LauncherImpl.java:863)
	at com.sun.javafx.application.PlatformImpl.lambda$runAndWait$175(PlatformImpl.java:326)
	at com.sun.javafx.application.PlatformImpl.lambda$null$173(PlatformImpl.java:295)
	at java.security.AccessController.doPrivileged(Native Method)
	at com.sun.javafx.application.PlatformImpl.lambda$runLater$174(PlatformImpl.java:294)
	at com.sun.glass.ui.InvokeLaterDispatcher$Future.run(InvokeLaterDispatcher.java:95)
	at com.sun.glass.ui.win.WinApplication._runLoop(Native Method)
	at com.sun.glass.ui.win.WinApplication.lambda$null$148(WinApplication.java:191)
	at java.lang.Thread.run(Thread.java:745)
19:11:46,928 ERROR JavaFX Application Thread DAOSQLite:pullWorkingTree:139 - SQL Exception!
java.sql.SQLException: statement is not executing
	at org.sqlite.core.CoreStatement.checkOpen(CoreStatement.java:50)
	at org.sqlite.core.CorePreparedStatement.batch(CorePreparedStatement.java:117)
	at org.sqlite.jdbc3.JDBC3PreparedStatement.setString(JDBC3PreparedStatement.java:421)
	at controller.dao.DAOSQLite.pullWorkingTree(DAOSQLite.java:127)
	at model.Model.<clinit>(Model.java:74)
	at view.context.RowContextMenu.<init>(RowContextMenu.java:62)
	at controller.stagecontrollers.MainStageController.<init>(MainStageController.java:76)
	at sun.reflect.NativeConstructorAccessorImpl.newInstance0(Native Method)
	at sun.reflect.NativeConstructorAccessorImpl.newInstance(NativeConstructorAccessorImpl.java:62)
	at sun.reflect.DelegatingConstructorAccessorImpl.newInstance(DelegatingConstructorAccessorImpl.java:45)
	at java.lang.reflect.Constructor.newInstance(Constructor.java:423)
	at java.lang.Class.newInstance(Class.java:442)
	at sun.reflect.misc.ReflectUtil.newInstance(ReflectUtil.java:51)
	at javafx.fxml.FXMLLoader$ValueElement.processAttribute(FXMLLoader.java:927)
	at javafx.fxml.FXMLLoader$InstanceDeclarationElement.processAttribute(FXMLLoader.java:971)
	at javafx.fxml.FXMLLoader$Element.processStartElement(FXMLLoader.java:220)
	at javafx.fxml.FXMLLoader$ValueElement.processStartElement(FXMLLoader.java:744)
	at javafx.fxml.FXMLLoader.processStartElement(FXMLLoader.java:2707)
	at javafx.fxml.FXMLLoader.loadImpl(FXMLLoader.java:2527)
	at javafx.fxml.FXMLLoader.loadImpl(FXMLLoader.java:2441)
	at javafx.fxml.FXMLLoader.load(FXMLLoader.java:2409)
	at view.View.<clinit>(View.java:88)
	at Catty.start(Catty.java:63)
	at com.sun.javafx.application.LauncherImpl.lambda$launchApplication1$162(LauncherImpl.java:863)
	at com.sun.javafx.application.PlatformImpl.lambda$runAndWait$175(PlatformImpl.java:326)
	at com.sun.javafx.application.PlatformImpl.lambda$null$173(PlatformImpl.java:295)
	at java.security.AccessController.doPrivileged(Native Method)
	at com.sun.javafx.application.PlatformImpl.lambda$runLater$174(PlatformImpl.java:294)
	at com.sun.glass.ui.InvokeLaterDispatcher$Future.run(InvokeLaterDispatcher.java:95)
	at com.sun.glass.ui.win.WinApplication._runLoop(Native Method)
	at com.sun.glass.ui.win.WinApplication.lambda$null$148(WinApplication.java:191)
	at java.lang.Thread.run(Thread.java:745)
19:11:46,933 ERROR JavaFX Application Thread DAOSQLite:pullWorkingTree:139 - SQL Exception!
java.sql.SQLException: statement is not executing
	at org.sqlite.core.CoreStatement.checkOpen(CoreStatement.java:50)
	at org.sqlite.core.CorePreparedStatement.batch(CorePreparedStatement.java:117)
	at org.sqlite.jdbc3.JDBC3PreparedStatement.setString(JDBC3PreparedStatement.java:421)
	at controller.dao.DAOSQLite.pullWorkingTree(DAOSQLite.java:127)
	at model.Model.<clinit>(Model.java:74)
	at view.context.RowContextMenu.<init>(RowContextMenu.java:62)
	at controller.stagecontrollers.MainStageController.<init>(MainStageController.java:76)
	at sun.reflect.NativeConstructorAccessorImpl.newInstance0(Native Method)
	at sun.reflect.NativeConstructorAccessorImpl.newInstance(NativeConstructorAccessorImpl.java:62)
	at sun.reflect.DelegatingConstructorAccessorImpl.newInstance(DelegatingConstructorAccessorImpl.java:45)
	at java.lang.reflect.Constructor.newInstance(Constructor.java:423)
	at java.lang.Class.newInstance(Class.java:442)
	at sun.reflect.misc.ReflectUtil.newInstance(ReflectUtil.java:51)
	at javafx.fxml.FXMLLoader$ValueElement.processAttribute(FXMLLoader.java:927)
	at javafx.fxml.FXMLLoader$InstanceDeclarationElement.processAttribute(FXMLLoader.java:971)
	at javafx.fxml.FXMLLoader$Element.processStartElement(FXMLLoader.java:220)
	at javafx.fxml.FXMLLoader$ValueElement.processStartElement(FXMLLoader.java:744)
	at javafx.fxml.FXMLLoader.processStartElement(FXMLLoader.java:2707)
	at javafx.fxml.FXMLLoader.loadImpl(FXMLLoader.java:2527)
	at javafx.fxml.FXMLLoader.loadImpl(FXMLLoader.java:2441)
	at javafx.fxml.FXMLLoader.load(FXMLLoader.java:2409)
	at view.View.<clinit>(View.java:88)
	at Catty.start(Catty.java:63)
	at com.sun.javafx.application.LauncherImpl.lambda$launchApplication1$162(LauncherImpl.java:863)
	at com.sun.javafx.application.PlatformImpl.lambda$runAndWait$175(PlatformImpl.java:326)
	at com.sun.javafx.application.PlatformImpl.lambda$null$173(PlatformImpl.java:295)
	at java.security.AccessController.doPrivileged(Native Method)
	at com.sun.javafx.application.PlatformImpl.lambda$runLater$174(PlatformImpl.java:294)
	at com.sun.glass.ui.InvokeLaterDispatcher$Future.run(InvokeLaterDispatcher.java:95)
	at com.sun.glass.ui.win.WinApplication._runLoop(Native Method)
	at com.sun.glass.ui.win.WinApplication.lambda$null$148(WinApplication.java:191)
	at java.lang.Thread.run(Thread.java:745)
19:11:46,934 ERROR JavaFX Application Thread DAOSQLite:pullWorkingTree:139 - SQL Exception!
java.sql.SQLException: statement is not executing
	at org.sqlite.core.CoreStatement.checkOpen(CoreStatement.java:50)
	at org.sqlite.core.CorePreparedStatement.batch(CorePreparedStatement.java:117)
	at org.sqlite.jdbc3.JDBC3PreparedStatement.setString(JDBC3PreparedStatement.java:421)
	at controller.dao.DAOSQLite.pullWorkingTree(DAOSQLite.java:127)
	at model.Model.<clinit>(Model.java:74)
	at view.context.RowContextMenu.<init>(RowContextMenu.java:62)
	at controller.stagecontrollers.MainStageController.<init>(MainStageController.java:76)
	at sun.reflect.NativeConstructorAccessorImpl.newInstance0(Native Method)
	at sun.reflect.NativeConstructorAccessorImpl.newInstance(NativeConstructorAccessorImpl.java:62)
	at sun.reflect.DelegatingConstructorAccessorImpl.newInstance(DelegatingConstructorAccessorImpl.java:45)
	at java.lang.reflect.Constructor.newInstance(Constructor.java:423)
	at java.lang.Class.newInstance(Class.java:442)
	at sun.reflect.misc.ReflectUtil.newInstance(ReflectUtil.java:51)
	at javafx.fxml.FXMLLoader$ValueElement.processAttribute(FXMLLoader.java:927)
	at javafx.fxml.FXMLLoader$InstanceDeclarationElement.processAttribute(FXMLLoader.java:971)
	at javafx.fxml.FXMLLoader$Element.processStartElement(FXMLLoader.java:220)
	at javafx.fxml.FXMLLoader$ValueElement.processStartElement(FXMLLoader.java:744)
	at javafx.fxml.FXMLLoader.processStartElement(FXMLLoader.java:2707)
	at javafx.fxml.FXMLLoader.loadImpl(FXMLLoader.java:2527)
	at javafx.fxml.FXMLLoader.loadImpl(FXMLLoader.java:2441)
	at javafx.fxml.FXMLLoader.load(FXMLLoader.java:2409)
	at view.View.<clinit>(View.java:88)
	at Catty.start(Catty.java:63)
	at com.sun.javafx.application.LauncherImpl.lambda$launchApplication1$162(LauncherImpl.java:863)
	at com.sun.javafx.application.PlatformImpl.lambda$runAndWait$175(PlatformImpl.java:326)
	at com.sun.javafx.application.PlatformImpl.lambda$null$173(PlatformImpl.java:295)
	at java.security.AccessController.doPrivileged(Native Method)
	at com.sun.javafx.application.PlatformImpl.lambda$runLater$174(PlatformImpl.java:294)
	at com.sun.glass.ui.InvokeLaterDispatcher$Future.run(InvokeLaterDispatcher.java:95)
	at com.sun.glass.ui.win.WinApplication._runLoop(Native Method)
	at com.sun.glass.ui.win.WinApplication.lambda$null$148(WinApplication.java:191)
	at java.lang.Thread.run(Thread.java:745)
19:13:25,197 DEBUG Thread-5 DAOSQLite:connect:58 - Connected
19:13:25,202 ERROR JavaFX Application Thread DAOSQLite:pullWorkingTree:139 - SQL Exception!
java.sql.SQLException: statement is not executing
	at org.sqlite.core.CoreStatement.checkOpen(CoreStatement.java:50)
	at org.sqlite.core.CorePreparedStatement.batch(CorePreparedStatement.java:117)
	at org.sqlite.jdbc3.JDBC3PreparedStatement.setString(JDBC3PreparedStatement.java:421)
	at controller.dao.DAOSQLite.pullWorkingTree(DAOSQLite.java:127)
	at model.Model.<clinit>(Model.java:74)
	at view.context.RowContextMenu.<init>(RowContextMenu.java:62)
	at controller.stagecontrollers.MainStageController.<init>(MainStageController.java:76)
	at sun.reflect.NativeConstructorAccessorImpl.newInstance0(Native Method)
	at sun.reflect.NativeConstructorAccessorImpl.newInstance(NativeConstructorAccessorImpl.java:62)
	at sun.reflect.DelegatingConstructorAccessorImpl.newInstance(DelegatingConstructorAccessorImpl.java:45)
	at java.lang.reflect.Constructor.newInstance(Constructor.java:423)
	at java.lang.Class.newInstance(Class.java:442)
	at sun.reflect.misc.ReflectUtil.newInstance(ReflectUtil.java:51)
	at javafx.fxml.FXMLLoader$ValueElement.processAttribute(FXMLLoader.java:927)
	at javafx.fxml.FXMLLoader$InstanceDeclarationElement.processAttribute(FXMLLoader.java:971)
	at javafx.fxml.FXMLLoader$Element.processStartElement(FXMLLoader.java:220)
	at javafx.fxml.FXMLLoader$ValueElement.processStartElement(FXMLLoader.java:744)
	at javafx.fxml.FXMLLoader.processStartElement(FXMLLoader.java:2707)
	at javafx.fxml.FXMLLoader.loadImpl(FXMLLoader.java:2527)
	at javafx.fxml.FXMLLoader.loadImpl(FXMLLoader.java:2441)
	at javafx.fxml.FXMLLoader.load(FXMLLoader.java:2409)
	at view.View.<clinit>(View.java:88)
	at Catty.start(Catty.java:63)
	at com.sun.javafx.application.LauncherImpl.lambda$launchApplication1$162(LauncherImpl.java:863)
	at com.sun.javafx.application.PlatformImpl.lambda$runAndWait$175(PlatformImpl.java:326)
	at com.sun.javafx.application.PlatformImpl.lambda$null$173(PlatformImpl.java:295)
	at java.security.AccessController.doPrivileged(Native Method)
	at com.sun.javafx.application.PlatformImpl.lambda$runLater$174(PlatformImpl.java:294)
	at com.sun.glass.ui.InvokeLaterDispatcher$Future.run(InvokeLaterDispatcher.java:95)
	at com.sun.glass.ui.win.WinApplication._runLoop(Native Method)
	at com.sun.glass.ui.win.WinApplication.lambda$null$148(WinApplication.java:191)
	at java.lang.Thread.run(Thread.java:745)
19:13:25,219 ERROR JavaFX Application Thread DAOSQLite:pullWorkingTree:139 - SQL Exception!
java.sql.SQLException: statement is not executing
	at org.sqlite.core.CoreStatement.checkOpen(CoreStatement.java:50)
	at org.sqlite.core.CorePreparedStatement.batch(CorePreparedStatement.java:117)
	at org.sqlite.jdbc3.JDBC3PreparedStatement.setString(JDBC3PreparedStatement.java:421)
	at controller.dao.DAOSQLite.pullWorkingTree(DAOSQLite.java:127)
	at model.Model.<clinit>(Model.java:74)
	at view.context.RowContextMenu.<init>(RowContextMenu.java:62)
	at controller.stagecontrollers.MainStageController.<init>(MainStageController.java:76)
	at sun.reflect.NativeConstructorAccessorImpl.newInstance0(Native Method)
	at sun.reflect.NativeConstructorAccessorImpl.newInstance(NativeConstructorAccessorImpl.java:62)
	at sun.reflect.DelegatingConstructorAccessorImpl.newInstance(DelegatingConstructorAccessorImpl.java:45)
	at java.lang.reflect.Constructor.newInstance(Constructor.java:423)
	at java.lang.Class.newInstance(Class.java:442)
	at sun.reflect.misc.ReflectUtil.newInstance(ReflectUtil.java:51)
	at javafx.fxml.FXMLLoader$ValueElement.processAttribute(FXMLLoader.java:927)
	at javafx.fxml.FXMLLoader$InstanceDeclarationElement.processAttribute(FXMLLoader.java:971)
	at javafx.fxml.FXMLLoader$Element.processStartElement(FXMLLoader.java:220)
	at javafx.fxml.FXMLLoader$ValueElement.processStartElement(FXMLLoader.java:744)
	at javafx.fxml.FXMLLoader.processStartElement(FXMLLoader.java:2707)
	at javafx.fxml.FXMLLoader.loadImpl(FXMLLoader.java:2527)
	at javafx.fxml.FXMLLoader.loadImpl(FXMLLoader.java:2441)
	at javafx.fxml.FXMLLoader.load(FXMLLoader.java:2409)
	at view.View.<clinit>(View.java:88)
	at Catty.start(Catty.java:63)
	at com.sun.javafx.application.LauncherImpl.lambda$launchApplication1$162(LauncherImpl.java:863)
	at com.sun.javafx.application.PlatformImpl.lambda$runAndWait$175(PlatformImpl.java:326)
	at com.sun.javafx.application.PlatformImpl.lambda$null$173(PlatformImpl.java:295)
	at java.security.AccessController.doPrivileged(Native Method)
	at com.sun.javafx.application.PlatformImpl.lambda$runLater$174(PlatformImpl.java:294)
	at com.sun.glass.ui.InvokeLaterDispatcher$Future.run(InvokeLaterDispatcher.java:95)
	at com.sun.glass.ui.win.WinApplication._runLoop(Native Method)
	at com.sun.glass.ui.win.WinApplication.lambda$null$148(WinApplication.java:191)
	at java.lang.Thread.run(Thread.java:745)
19:13:25,221 ERROR JavaFX Application Thread DAOSQLite:pullWorkingTree:139 - SQL Exception!
java.sql.SQLException: statement is not executing
	at org.sqlite.core.CoreStatement.checkOpen(CoreStatement.java:50)
	at org.sqlite.core.CorePreparedStatement.batch(CorePreparedStatement.java:117)
	at org.sqlite.jdbc3.JDBC3PreparedStatement.setString(JDBC3PreparedStatement.java:421)
	at controller.dao.DAOSQLite.pullWorkingTree(DAOSQLite.java:127)
	at model.Model.<clinit>(Model.java:74)
	at view.context.RowContextMenu.<init>(RowContextMenu.java:62)
	at controller.stagecontrollers.MainStageController.<init>(MainStageController.java:76)
	at sun.reflect.NativeConstructorAccessorImpl.newInstance0(Native Method)
	at sun.reflect.NativeConstructorAccessorImpl.newInstance(NativeConstructorAccessorImpl.java:62)
	at sun.reflect.DelegatingConstructorAccessorImpl.newInstance(DelegatingConstructorAccessorImpl.java:45)
	at java.lang.reflect.Constructor.newInstance(Constructor.java:423)
	at java.lang.Class.newInstance(Class.java:442)
	at sun.reflect.misc.ReflectUtil.newInstance(ReflectUtil.java:51)
	at javafx.fxml.FXMLLoader$ValueElement.processAttribute(FXMLLoader.java:927)
	at javafx.fxml.FXMLLoader$InstanceDeclarationElement.processAttribute(FXMLLoader.java:971)
	at javafx.fxml.FXMLLoader$Element.processStartElement(FXMLLoader.java:220)
	at javafx.fxml.FXMLLoader$ValueElement.processStartElement(FXMLLoader.java:744)
	at javafx.fxml.FXMLLoader.processStartElement(FXMLLoader.java:2707)
	at javafx.fxml.FXMLLoader.loadImpl(FXMLLoader.java:2527)
	at javafx.fxml.FXMLLoader.loadImpl(FXMLLoader.java:2441)
	at javafx.fxml.FXMLLoader.load(FXMLLoader.java:2409)
	at view.View.<clinit>(View.java:88)
	at Catty.start(Catty.java:63)
	at com.sun.javafx.application.LauncherImpl.lambda$launchApplication1$162(LauncherImpl.java:863)
	at com.sun.javafx.application.PlatformImpl.lambda$runAndWait$175(PlatformImpl.java:326)
	at com.sun.javafx.application.PlatformImpl.lambda$null$173(PlatformImpl.java:295)
	at java.security.AccessController.doPrivileged(Native Method)
	at com.sun.javafx.application.PlatformImpl.lambda$runLater$174(PlatformImpl.java:294)
	at com.sun.glass.ui.InvokeLaterDispatcher$Future.run(InvokeLaterDispatcher.java:95)
	at com.sun.glass.ui.win.WinApplication._runLoop(Native Method)
	at com.sun.glass.ui.win.WinApplication.lambda$null$148(WinApplication.java:191)
	at java.lang.Thread.run(Thread.java:745)
19:13:25,222 ERROR JavaFX Application Thread DAOSQLite:pullWorkingTree:139 - SQL Exception!
java.sql.SQLException: statement is not executing
	at org.sqlite.core.CoreStatement.checkOpen(CoreStatement.java:50)
	at org.sqlite.core.CorePreparedStatement.batch(CorePreparedStatement.java:117)
	at org.sqlite.jdbc3.JDBC3PreparedStatement.setString(JDBC3PreparedStatement.java:421)
	at controller.dao.DAOSQLite.pullWorkingTree(DAOSQLite.java:127)
	at model.Model.<clinit>(Model.java:74)
	at view.context.RowContextMenu.<init>(RowContextMenu.java:62)
	at controller.stagecontrollers.MainStageController.<init>(MainStageController.java:76)
	at sun.reflect.NativeConstructorAccessorImpl.newInstance0(Native Method)
	at sun.reflect.NativeConstructorAccessorImpl.newInstance(NativeConstructorAccessorImpl.java:62)
	at sun.reflect.DelegatingConstructorAccessorImpl.newInstance(DelegatingConstructorAccessorImpl.java:45)
	at java.lang.reflect.Constructor.newInstance(Constructor.java:423)
	at java.lang.Class.newInstance(Class.java:442)
	at sun.reflect.misc.ReflectUtil.newInstance(ReflectUtil.java:51)
	at javafx.fxml.FXMLLoader$ValueElement.processAttribute(FXMLLoader.java:927)
	at javafx.fxml.FXMLLoader$InstanceDeclarationElement.processAttribute(FXMLLoader.java:971)
	at javafx.fxml.FXMLLoader$Element.processStartElement(FXMLLoader.java:220)
	at javafx.fxml.FXMLLoader$ValueElement.processStartElement(FXMLLoader.java:744)
	at javafx.fxml.FXMLLoader.processStartElement(FXMLLoader.java:2707)
	at javafx.fxml.FXMLLoader.loadImpl(FXMLLoader.java:2527)
	at javafx.fxml.FXMLLoader.loadImpl(FXMLLoader.java:2441)
	at javafx.fxml.FXMLLoader.load(FXMLLoader.java:2409)
	at view.View.<clinit>(View.java:88)
	at Catty.start(Catty.java:63)
	at com.sun.javafx.application.LauncherImpl.lambda$launchApplication1$162(LauncherImpl.java:863)
	at com.sun.javafx.application.PlatformImpl.lambda$runAndWait$175(PlatformImpl.java:326)
	at com.sun.javafx.application.PlatformImpl.lambda$null$173(PlatformImpl.java:295)
	at java.security.AccessController.doPrivileged(Native Method)
	at com.sun.javafx.application.PlatformImpl.lambda$runLater$174(PlatformImpl.java:294)
	at com.sun.glass.ui.InvokeLaterDispatcher$Future.run(InvokeLaterDispatcher.java:95)
	at com.sun.glass.ui.win.WinApplication._runLoop(Native Method)
	at com.sun.glass.ui.win.WinApplication.lambda$null$148(WinApplication.java:191)
	at java.lang.Thread.run(Thread.java:745)
19:13:36,801 FATAL JavaFX Application Thread DAOSQLite:disconnect:81 - Cannot disconnect from database!
org.sqlite.SQLiteException: [SQLITE_ERROR] SQL error or missing database (Connection is closed)
	at org.sqlite.core.DB.newSQLException(DB.java:909)
	at org.sqlite.core.CoreStatement.internalClose(CoreStatement.java:115)
	at org.sqlite.jdbc3.JDBC3Statement.close(JDBC3Statement.java:35)
	at org.sqlite.jdbc4.JDBC4Statement.close(JDBC4Statement.java:27)
	at controller.dao.DAOSQLite.disconnect(DAOSQLite.java:76)
	at Catty.stop(Catty.java:71)
	at com.sun.javafx.application.LauncherImpl.lambda$launchApplication1$163(LauncherImpl.java:882)
	at com.sun.javafx.application.PlatformImpl.lambda$runAndWait$175(PlatformImpl.java:326)
	at com.sun.javafx.application.PlatformImpl.lambda$null$173(PlatformImpl.java:295)
	at java.security.AccessController.doPrivileged(Native Method)
	at com.sun.javafx.application.PlatformImpl.lambda$runLater$174(PlatformImpl.java:294)
	at com.sun.glass.ui.InvokeLaterDispatcher$Future.run(InvokeLaterDispatcher.java:95)
	at com.sun.glass.ui.win.WinApplication._runLoop(Native Method)
	at com.sun.glass.ui.win.WinApplication.lambda$null$148(WinApplication.java:191)
	at java.lang.Thread.run(Thread.java:745)
19:19:04,176 DEBUG Thread-5 DAOSQLite:connect:59 - Connected
19:19:48,483 DEBUG Thread-5 DAOSQLite:connect:59 - Connected
19:20:16,056 DEBUG Thread-5 DAOSQLite:connect:59 - Connected
19:20:44,296 DEBUG JavaFX Application Thread DAOSQLite:disconnect:75 - Disconnected
19:25:19,360 DEBUG Thread-5 DAOSQLite:connect:59 - Connected
19:25:51,164 DEBUG JavaFX Application Thread DAOSQLite:disconnect:76 - Disconnected
20:13:33,669 DEBUG pool-2-thread-1 DAOSQLite:connect:59 - Connected
20:14:20,348 DEBUG pool-2-thread-1 DAOSQLite:connect:59 - Connected
20:15:48,203 DEBUG pool-2-thread-1 DAOSQLite:connect:59 - Connected
20:15:54,368 DEBUG JavaFX Application Thread DAOSQLite:disconnect:76 - Disconnected
20:30:00,640 DEBUG pool-2-thread-1 DAOSQLite:connect:63 - Connected
20:30:01,080 DEBUG JavaFX Application Thread DAOSQLite:disconnect:81 - Disconnected
20:30:02,831 ERROR JavaFX Application Thread DAOSQLite:pullWorkingTree:145 - SQL Exception!
java.sql.SQLException: statement is not executing
	at org.sqlite.core.CoreStatement.checkOpen(CoreStatement.java:50)
	at org.sqlite.core.CorePreparedStatement.batch(CorePreparedStatement.java:117)
	at org.sqlite.jdbc3.JDBC3PreparedStatement.setString(JDBC3PreparedStatement.java:421)
	at controller.dao.DAOSQLite.pullWorkingTree(DAOSQLite.java:133)
	at model.Model.<clinit>(Model.java:74)
	at view.context.RowContextMenu.<init>(RowContextMenu.java:62)
	at controller.stagecontrollers.MainStageController.<init>(MainStageController.java:76)
	at sun.reflect.NativeConstructorAccessorImpl.newInstance0(Native Method)
	at sun.reflect.NativeConstructorAccessorImpl.newInstance(NativeConstructorAccessorImpl.java:62)
	at sun.reflect.DelegatingConstructorAccessorImpl.newInstance(DelegatingConstructorAccessorImpl.java:45)
	at java.lang.reflect.Constructor.newInstance(Constructor.java:423)
	at java.lang.Class.newInstance(Class.java:442)
	at sun.reflect.misc.ReflectUtil.newInstance(ReflectUtil.java:51)
	at javafx.fxml.FXMLLoader$ValueElement.processAttribute(FXMLLoader.java:927)
	at javafx.fxml.FXMLLoader$InstanceDeclarationElement.processAttribute(FXMLLoader.java:971)
	at javafx.fxml.FXMLLoader$Element.processStartElement(FXMLLoader.java:220)
	at javafx.fxml.FXMLLoader$ValueElement.processStartElement(FXMLLoader.java:744)
	at javafx.fxml.FXMLLoader.processStartElement(FXMLLoader.java:2707)
	at javafx.fxml.FXMLLoader.loadImpl(FXMLLoader.java:2527)
	at javafx.fxml.FXMLLoader.loadImpl(FXMLLoader.java:2441)
	at javafx.fxml.FXMLLoader.load(FXMLLoader.java:2409)
	at view.View.<clinit>(View.java:88)
	at Catty.start(Catty.java:61)
	at com.sun.javafx.application.LauncherImpl.lambda$launchApplication1$162(LauncherImpl.java:863)
	at com.sun.javafx.application.PlatformImpl.lambda$runAndWait$175(PlatformImpl.java:326)
	at com.sun.javafx.application.PlatformImpl.lambda$null$173(PlatformImpl.java:295)
	at java.security.AccessController.doPrivileged(Native Method)
	at com.sun.javafx.application.PlatformImpl.lambda$runLater$174(PlatformImpl.java:294)
	at com.sun.glass.ui.InvokeLaterDispatcher$Future.run(InvokeLaterDispatcher.java:95)
	at com.sun.glass.ui.win.WinApplication._runLoop(Native Method)
	at com.sun.glass.ui.win.WinApplication.lambda$null$148(WinApplication.java:191)
	at java.lang.Thread.run(Thread.java:745)
20:30:02,842 ERROR JavaFX Application Thread DAOSQLite:pullWorkingTree:145 - SQL Exception!
java.sql.SQLException: statement is not executing
	at org.sqlite.core.CoreStatement.checkOpen(CoreStatement.java:50)
	at org.sqlite.core.CorePreparedStatement.batch(CorePreparedStatement.java:117)
	at org.sqlite.jdbc3.JDBC3PreparedStatement.setString(JDBC3PreparedStatement.java:421)
	at controller.dao.DAOSQLite.pullWorkingTree(DAOSQLite.java:133)
	at model.Model.<clinit>(Model.java:74)
	at view.context.RowContextMenu.<init>(RowContextMenu.java:62)
	at controller.stagecontrollers.MainStageController.<init>(MainStageController.java:76)
	at sun.reflect.NativeConstructorAccessorImpl.newInstance0(Native Method)
	at sun.reflect.NativeConstructorAccessorImpl.newInstance(NativeConstructorAccessorImpl.java:62)
	at sun.reflect.DelegatingConstructorAccessorImpl.newInstance(DelegatingConstructorAccessorImpl.java:45)
	at java.lang.reflect.Constructor.newInstance(Constructor.java:423)
	at java.lang.Class.newInstance(Class.java:442)
	at sun.reflect.misc.ReflectUtil.newInstance(ReflectUtil.java:51)
	at javafx.fxml.FXMLLoader$ValueElement.processAttribute(FXMLLoader.java:927)
	at javafx.fxml.FXMLLoader$InstanceDeclarationElement.processAttribute(FXMLLoader.java:971)
	at javafx.fxml.FXMLLoader$Element.processStartElement(FXMLLoader.java:220)
	at javafx.fxml.FXMLLoader$ValueElement.processStartElement(FXMLLoader.java:744)
	at javafx.fxml.FXMLLoader.processStartElement(FXMLLoader.java:2707)
	at javafx.fxml.FXMLLoader.loadImpl(FXMLLoader.java:2527)
	at javafx.fxml.FXMLLoader.loadImpl(FXMLLoader.java:2441)
	at javafx.fxml.FXMLLoader.load(FXMLLoader.java:2409)
	at view.View.<clinit>(View.java:88)
	at Catty.start(Catty.java:61)
	at com.sun.javafx.application.LauncherImpl.lambda$launchApplication1$162(LauncherImpl.java:863)
	at com.sun.javafx.application.PlatformImpl.lambda$runAndWait$175(PlatformImpl.java:326)
	at com.sun.javafx.application.PlatformImpl.lambda$null$173(PlatformImpl.java:295)
	at java.security.AccessController.doPrivileged(Native Method)
	at com.sun.javafx.application.PlatformImpl.lambda$runLater$174(PlatformImpl.java:294)
	at com.sun.glass.ui.InvokeLaterDispatcher$Future.run(InvokeLaterDispatcher.java:95)
	at com.sun.glass.ui.win.WinApplication._runLoop(Native Method)
	at com.sun.glass.ui.win.WinApplication.lambda$null$148(WinApplication.java:191)
	at java.lang.Thread.run(Thread.java:745)
20:30:02,845 ERROR JavaFX Application Thread DAOSQLite:pullWorkingTree:145 - SQL Exception!
java.sql.SQLException: statement is not executing
	at org.sqlite.core.CoreStatement.checkOpen(CoreStatement.java:50)
	at org.sqlite.core.CorePreparedStatement.batch(CorePreparedStatement.java:117)
	at org.sqlite.jdbc3.JDBC3PreparedStatement.setString(JDBC3PreparedStatement.java:421)
	at controller.dao.DAOSQLite.pullWorkingTree(DAOSQLite.java:133)
	at model.Model.<clinit>(Model.java:74)
	at view.context.RowContextMenu.<init>(RowContextMenu.java:62)
	at controller.stagecontrollers.MainStageController.<init>(MainStageController.java:76)
	at sun.reflect.NativeConstructorAccessorImpl.newInstance0(Native Method)
	at sun.reflect.NativeConstructorAccessorImpl.newInstance(NativeConstructorAccessorImpl.java:62)
	at sun.reflect.DelegatingConstructorAccessorImpl.newInstance(DelegatingConstructorAccessorImpl.java:45)
	at java.lang.reflect.Constructor.newInstance(Constructor.java:423)
	at java.lang.Class.newInstance(Class.java:442)
	at sun.reflect.misc.ReflectUtil.newInstance(ReflectUtil.java:51)
	at javafx.fxml.FXMLLoader$ValueElement.processAttribute(FXMLLoader.java:927)
	at javafx.fxml.FXMLLoader$InstanceDeclarationElement.processAttribute(FXMLLoader.java:971)
	at javafx.fxml.FXMLLoader$Element.processStartElement(FXMLLoader.java:220)
	at javafx.fxml.FXMLLoader$ValueElement.processStartElement(FXMLLoader.java:744)
	at javafx.fxml.FXMLLoader.processStartElement(FXMLLoader.java:2707)
	at javafx.fxml.FXMLLoader.loadImpl(FXMLLoader.java:2527)
	at javafx.fxml.FXMLLoader.loadImpl(FXMLLoader.java:2441)
	at javafx.fxml.FXMLLoader.load(FXMLLoader.java:2409)
	at view.View.<clinit>(View.java:88)
	at Catty.start(Catty.java:61)
	at com.sun.javafx.application.LauncherImpl.lambda$launchApplication1$162(LauncherImpl.java:863)
	at com.sun.javafx.application.PlatformImpl.lambda$runAndWait$175(PlatformImpl.java:326)
	at com.sun.javafx.application.PlatformImpl.lambda$null$173(PlatformImpl.java:295)
	at java.security.AccessController.doPrivileged(Native Method)
	at com.sun.javafx.application.PlatformImpl.lambda$runLater$174(PlatformImpl.java:294)
	at com.sun.glass.ui.InvokeLaterDispatcher$Future.run(InvokeLaterDispatcher.java:95)
	at com.sun.glass.ui.win.WinApplication._runLoop(Native Method)
	at com.sun.glass.ui.win.WinApplication.lambda$null$148(WinApplication.java:191)
	at java.lang.Thread.run(Thread.java:745)
20:30:02,850 ERROR JavaFX Application Thread DAOSQLite:pullWorkingTree:145 - SQL Exception!
java.sql.SQLException: statement is not executing
	at org.sqlite.core.CoreStatement.checkOpen(CoreStatement.java:50)
	at org.sqlite.core.CorePreparedStatement.batch(CorePreparedStatement.java:117)
	at org.sqlite.jdbc3.JDBC3PreparedStatement.setString(JDBC3PreparedStatement.java:421)
	at controller.dao.DAOSQLite.pullWorkingTree(DAOSQLite.java:133)
	at model.Model.<clinit>(Model.java:74)
	at view.context.RowContextMenu.<init>(RowContextMenu.java:62)
	at controller.stagecontrollers.MainStageController.<init>(MainStageController.java:76)
	at sun.reflect.NativeConstructorAccessorImpl.newInstance0(Native Method)
	at sun.reflect.NativeConstructorAccessorImpl.newInstance(NativeConstructorAccessorImpl.java:62)
	at sun.reflect.DelegatingConstructorAccessorImpl.newInstance(DelegatingConstructorAccessorImpl.java:45)
	at java.lang.reflect.Constructor.newInstance(Constructor.java:423)
	at java.lang.Class.newInstance(Class.java:442)
	at sun.reflect.misc.ReflectUtil.newInstance(ReflectUtil.java:51)
	at javafx.fxml.FXMLLoader$ValueElement.processAttribute(FXMLLoader.java:927)
	at javafx.fxml.FXMLLoader$InstanceDeclarationElement.processAttribute(FXMLLoader.java:971)
	at javafx.fxml.FXMLLoader$Element.processStartElement(FXMLLoader.java:220)
	at javafx.fxml.FXMLLoader$ValueElement.processStartElement(FXMLLoader.java:744)
	at javafx.fxml.FXMLLoader.processStartElement(FXMLLoader.java:2707)
	at javafx.fxml.FXMLLoader.loadImpl(FXMLLoader.java:2527)
	at javafx.fxml.FXMLLoader.loadImpl(FXMLLoader.java:2441)
	at javafx.fxml.FXMLLoader.load(FXMLLoader.java:2409)
	at view.View.<clinit>(View.java:88)
	at Catty.start(Catty.java:61)
	at com.sun.javafx.application.LauncherImpl.lambda$launchApplication1$162(LauncherImpl.java:863)
	at com.sun.javafx.application.PlatformImpl.lambda$runAndWait$175(PlatformImpl.java:326)
	at com.sun.javafx.application.PlatformImpl.lambda$null$173(PlatformImpl.java:295)
	at java.security.AccessController.doPrivileged(Native Method)
	at com.sun.javafx.application.PlatformImpl.lambda$runLater$174(PlatformImpl.java:294)
	at com.sun.glass.ui.InvokeLaterDispatcher$Future.run(InvokeLaterDispatcher.java:95)
	at com.sun.glass.ui.win.WinApplication._runLoop(Native Method)
	at com.sun.glass.ui.win.WinApplication.lambda$null$148(WinApplication.java:191)
	at java.lang.Thread.run(Thread.java:745)
20:30:07,576 DEBUG pool-2-thread-1 DAOSQLite:connect:63 - Connected
20:30:07,581 DEBUG JavaFX Application Thread DAOSQLite:disconnect:81 - Disconnected
20:30:08,084 ERROR JavaFX Application Thread DAOSQLite:pullWorkingTree:145 - SQL Exception!
java.sql.SQLException: statement is not executing
	at org.sqlite.core.CoreStatement.checkOpen(CoreStatement.java:50)
	at org.sqlite.core.CorePreparedStatement.batch(CorePreparedStatement.java:117)
	at org.sqlite.jdbc3.JDBC3PreparedStatement.setString(JDBC3PreparedStatement.java:421)
	at controller.dao.DAOSQLite.pullWorkingTree(DAOSQLite.java:133)
	at model.Model.<clinit>(Model.java:74)
	at view.context.RowContextMenu.<init>(RowContextMenu.java:62)
	at controller.stagecontrollers.MainStageController.<init>(MainStageController.java:76)
	at sun.reflect.NativeConstructorAccessorImpl.newInstance0(Native Method)
	at sun.reflect.NativeConstructorAccessorImpl.newInstance(NativeConstructorAccessorImpl.java:62)
	at sun.reflect.DelegatingConstructorAccessorImpl.newInstance(DelegatingConstructorAccessorImpl.java:45)
	at java.lang.reflect.Constructor.newInstance(Constructor.java:423)
	at java.lang.Class.newInstance(Class.java:442)
	at sun.reflect.misc.ReflectUtil.newInstance(ReflectUtil.java:51)
	at javafx.fxml.FXMLLoader$ValueElement.processAttribute(FXMLLoader.java:927)
	at javafx.fxml.FXMLLoader$InstanceDeclarationElement.processAttribute(FXMLLoader.java:971)
	at javafx.fxml.FXMLLoader$Element.processStartElement(FXMLLoader.java:220)
	at javafx.fxml.FXMLLoader$ValueElement.processStartElement(FXMLLoader.java:744)
	at javafx.fxml.FXMLLoader.processStartElement(FXMLLoader.java:2707)
	at javafx.fxml.FXMLLoader.loadImpl(FXMLLoader.java:2527)
	at javafx.fxml.FXMLLoader.loadImpl(FXMLLoader.java:2441)
	at javafx.fxml.FXMLLoader.load(FXMLLoader.java:2409)
	at view.View.<clinit>(View.java:88)
	at Catty.start(Catty.java:61)
	at com.sun.javafx.application.LauncherImpl.lambda$launchApplication1$162(LauncherImpl.java:863)
	at com.sun.javafx.application.PlatformImpl.lambda$runAndWait$175(PlatformImpl.java:326)
	at com.sun.javafx.application.PlatformImpl.lambda$null$173(PlatformImpl.java:295)
	at java.security.AccessController.doPrivileged(Native Method)
	at com.sun.javafx.application.PlatformImpl.lambda$runLater$174(PlatformImpl.java:294)
	at com.sun.glass.ui.InvokeLaterDispatcher$Future.run(InvokeLaterDispatcher.java:95)
	at com.sun.glass.ui.win.WinApplication._runLoop(Native Method)
	at com.sun.glass.ui.win.WinApplication.lambda$null$148(WinApplication.java:191)
	at java.lang.Thread.run(Thread.java:745)
20:30:08,089 ERROR JavaFX Application Thread DAOSQLite:pullWorkingTree:145 - SQL Exception!
java.sql.SQLException: statement is not executing
	at org.sqlite.core.CoreStatement.checkOpen(CoreStatement.java:50)
	at org.sqlite.core.CorePreparedStatement.batch(CorePreparedStatement.java:117)
	at org.sqlite.jdbc3.JDBC3PreparedStatement.setString(JDBC3PreparedStatement.java:421)
	at controller.dao.DAOSQLite.pullWorkingTree(DAOSQLite.java:133)
	at model.Model.<clinit>(Model.java:74)
	at view.context.RowContextMenu.<init>(RowContextMenu.java:62)
	at controller.stagecontrollers.MainStageController.<init>(MainStageController.java:76)
	at sun.reflect.NativeConstructorAccessorImpl.newInstance0(Native Method)
	at sun.reflect.NativeConstructorAccessorImpl.newInstance(NativeConstructorAccessorImpl.java:62)
	at sun.reflect.DelegatingConstructorAccessorImpl.newInstance(DelegatingConstructorAccessorImpl.java:45)
	at java.lang.reflect.Constructor.newInstance(Constructor.java:423)
	at java.lang.Class.newInstance(Class.java:442)
	at sun.reflect.misc.ReflectUtil.newInstance(ReflectUtil.java:51)
	at javafx.fxml.FXMLLoader$ValueElement.processAttribute(FXMLLoader.java:927)
	at javafx.fxml.FXMLLoader$InstanceDeclarationElement.processAttribute(FXMLLoader.java:971)
	at javafx.fxml.FXMLLoader$Element.processStartElement(FXMLLoader.java:220)
	at javafx.fxml.FXMLLoader$ValueElement.processStartElement(FXMLLoader.java:744)
	at javafx.fxml.FXMLLoader.processStartElement(FXMLLoader.java:2707)
	at javafx.fxml.FXMLLoader.loadImpl(FXMLLoader.java:2527)
	at javafx.fxml.FXMLLoader.loadImpl(FXMLLoader.java:2441)
	at javafx.fxml.FXMLLoader.load(FXMLLoader.java:2409)
	at view.View.<clinit>(View.java:88)
	at Catty.start(Catty.java:61)
	at com.sun.javafx.application.LauncherImpl.lambda$launchApplication1$162(LauncherImpl.java:863)
	at com.sun.javafx.application.PlatformImpl.lambda$runAndWait$175(PlatformImpl.java:326)
	at com.sun.javafx.application.PlatformImpl.lambda$null$173(PlatformImpl.java:295)
	at java.security.AccessController.doPrivileged(Native Method)
	at com.sun.javafx.application.PlatformImpl.lambda$runLater$174(PlatformImpl.java:294)
	at com.sun.glass.ui.InvokeLaterDispatcher$Future.run(InvokeLaterDispatcher.java:95)
	at com.sun.glass.ui.win.WinApplication._runLoop(Native Method)
	at com.sun.glass.ui.win.WinApplication.lambda$null$148(WinApplication.java:191)
	at java.lang.Thread.run(Thread.java:745)
20:30:08,093 ERROR JavaFX Application Thread DAOSQLite:pullWorkingTree:145 - SQL Exception!
java.sql.SQLException: statement is not executing
	at org.sqlite.core.CoreStatement.checkOpen(CoreStatement.java:50)
	at org.sqlite.core.CorePreparedStatement.batch(CorePreparedStatement.java:117)
	at org.sqlite.jdbc3.JDBC3PreparedStatement.setString(JDBC3PreparedStatement.java:421)
	at controller.dao.DAOSQLite.pullWorkingTree(DAOSQLite.java:133)
	at model.Model.<clinit>(Model.java:74)
	at view.context.RowContextMenu.<init>(RowContextMenu.java:62)
	at controller.stagecontrollers.MainStageController.<init>(MainStageController.java:76)
	at sun.reflect.NativeConstructorAccessorImpl.newInstance0(Native Method)
	at sun.reflect.NativeConstructorAccessorImpl.newInstance(NativeConstructorAccessorImpl.java:62)
	at sun.reflect.DelegatingConstructorAccessorImpl.newInstance(DelegatingConstructorAccessorImpl.java:45)
	at java.lang.reflect.Constructor.newInstance(Constructor.java:423)
	at java.lang.Class.newInstance(Class.java:442)
	at sun.reflect.misc.ReflectUtil.newInstance(ReflectUtil.java:51)
	at javafx.fxml.FXMLLoader$ValueElement.processAttribute(FXMLLoader.java:927)
	at javafx.fxml.FXMLLoader$InstanceDeclarationElement.processAttribute(FXMLLoader.java:971)
	at javafx.fxml.FXMLLoader$Element.processStartElement(FXMLLoader.java:220)
	at javafx.fxml.FXMLLoader$ValueElement.processStartElement(FXMLLoader.java:744)
	at javafx.fxml.FXMLLoader.processStartElement(FXMLLoader.java:2707)
	at javafx.fxml.FXMLLoader.loadImpl(FXMLLoader.java:2527)
	at javafx.fxml.FXMLLoader.loadImpl(FXMLLoader.java:2441)
	at javafx.fxml.FXMLLoader.load(FXMLLoader.java:2409)
	at view.View.<clinit>(View.java:88)
	at Catty.start(Catty.java:61)
	at com.sun.javafx.application.LauncherImpl.lambda$launchApplication1$162(LauncherImpl.java:863)
	at com.sun.javafx.application.PlatformImpl.lambda$runAndWait$175(PlatformImpl.java:326)
	at com.sun.javafx.application.PlatformImpl.lambda$null$173(PlatformImpl.java:295)
	at java.security.AccessController.doPrivileged(Native Method)
	at com.sun.javafx.application.PlatformImpl.lambda$runLater$174(PlatformImpl.java:294)
	at com.sun.glass.ui.InvokeLaterDispatcher$Future.run(InvokeLaterDispatcher.java:95)
	at com.sun.glass.ui.win.WinApplication._runLoop(Native Method)
	at com.sun.glass.ui.win.WinApplication.lambda$null$148(WinApplication.java:191)
	at java.lang.Thread.run(Thread.java:745)
20:30:08,095 ERROR JavaFX Application Thread DAOSQLite:pullWorkingTree:145 - SQL Exception!
java.sql.SQLException: statement is not executing
	at org.sqlite.core.CoreStatement.checkOpen(CoreStatement.java:50)
	at org.sqlite.core.CorePreparedStatement.batch(CorePreparedStatement.java:117)
	at org.sqlite.jdbc3.JDBC3PreparedStatement.setString(JDBC3PreparedStatement.java:421)
	at controller.dao.DAOSQLite.pullWorkingTree(DAOSQLite.java:133)
	at model.Model.<clinit>(Model.java:74)
	at view.context.RowContextMenu.<init>(RowContextMenu.java:62)
	at controller.stagecontrollers.MainStageController.<init>(MainStageController.java:76)
	at sun.reflect.NativeConstructorAccessorImpl.newInstance0(Native Method)
	at sun.reflect.NativeConstructorAccessorImpl.newInstance(NativeConstructorAccessorImpl.java:62)
	at sun.reflect.DelegatingConstructorAccessorImpl.newInstance(DelegatingConstructorAccessorImpl.java:45)
	at java.lang.reflect.Constructor.newInstance(Constructor.java:423)
	at java.lang.Class.newInstance(Class.java:442)
	at sun.reflect.misc.ReflectUtil.newInstance(ReflectUtil.java:51)
	at javafx.fxml.FXMLLoader$ValueElement.processAttribute(FXMLLoader.java:927)
	at javafx.fxml.FXMLLoader$InstanceDeclarationElement.processAttribute(FXMLLoader.java:971)
	at javafx.fxml.FXMLLoader$Element.processStartElement(FXMLLoader.java:220)
	at javafx.fxml.FXMLLoader$ValueElement.processStartElement(FXMLLoader.java:744)
	at javafx.fxml.FXMLLoader.processStartElement(FXMLLoader.java:2707)
	at javafx.fxml.FXMLLoader.loadImpl(FXMLLoader.java:2527)
	at javafx.fxml.FXMLLoader.loadImpl(FXMLLoader.java:2441)
	at javafx.fxml.FXMLLoader.load(FXMLLoader.java:2409)
	at view.View.<clinit>(View.java:88)
	at Catty.start(Catty.java:61)
	at com.sun.javafx.application.LauncherImpl.lambda$launchApplication1$162(LauncherImpl.java:863)
	at com.sun.javafx.application.PlatformImpl.lambda$runAndWait$175(PlatformImpl.java:326)
	at com.sun.javafx.application.PlatformImpl.lambda$null$173(PlatformImpl.java:295)
	at java.security.AccessController.doPrivileged(Native Method)
	at com.sun.javafx.application.PlatformImpl.lambda$runLater$174(PlatformImpl.java:294)
	at com.sun.glass.ui.InvokeLaterDispatcher$Future.run(InvokeLaterDispatcher.java:95)
	at com.sun.glass.ui.win.WinApplication._runLoop(Native Method)
	at com.sun.glass.ui.win.WinApplication.lambda$null$148(WinApplication.java:191)
	at java.lang.Thread.run(Thread.java:745)
20:30:35,469 DEBUG JavaFX Application Thread DAOSQLite:disconnect:81 - Disconnected
20:31:07,319 DEBUG pool-2-thread-1 DAOSQLite:connect:63 - Connected
20:31:07,325 DEBUG JavaFX Application Thread DAOSQLite:disconnect:81 - Disconnected
20:34:00,859 DEBUG pool-2-thread-1 DAOSQLite:connect:62 - Connected
20:34:01,835 ERROR JavaFX Application Thread DAOSQLite:pullWorkingTree:163 - SQL Exception!
java.sql.SQLException: statement is not executing
	at org.sqlite.core.CoreStatement.checkOpen(CoreStatement.java:50)
	at org.sqlite.core.CorePreparedStatement.batch(CorePreparedStatement.java:117)
	at org.sqlite.jdbc3.JDBC3PreparedStatement.setString(JDBC3PreparedStatement.java:421)
	at controller.dao.DAOSQLite.pullWorkingTree(DAOSQLite.java:151)
	at model.Model.<clinit>(Model.java:74)
	at view.context.RowContextMenu.<init>(RowContextMenu.java:62)
	at controller.stagecontrollers.MainStageController.<init>(MainStageController.java:76)
	at sun.reflect.NativeConstructorAccessorImpl.newInstance0(Native Method)
	at sun.reflect.NativeConstructorAccessorImpl.newInstance(NativeConstructorAccessorImpl.java:62)
	at sun.reflect.DelegatingConstructorAccessorImpl.newInstance(DelegatingConstructorAccessorImpl.java:45)
	at java.lang.reflect.Constructor.newInstance(Constructor.java:423)
	at java.lang.Class.newInstance(Class.java:442)
	at sun.reflect.misc.ReflectUtil.newInstance(ReflectUtil.java:51)
	at javafx.fxml.FXMLLoader$ValueElement.processAttribute(FXMLLoader.java:927)
	at javafx.fxml.FXMLLoader$InstanceDeclarationElement.processAttribute(FXMLLoader.java:971)
	at javafx.fxml.FXMLLoader$Element.processStartElement(FXMLLoader.java:220)
	at javafx.fxml.FXMLLoader$ValueElement.processStartElement(FXMLLoader.java:744)
	at javafx.fxml.FXMLLoader.processStartElement(FXMLLoader.java:2707)
	at javafx.fxml.FXMLLoader.loadImpl(FXMLLoader.java:2527)
	at javafx.fxml.FXMLLoader.loadImpl(FXMLLoader.java:2441)
	at javafx.fxml.FXMLLoader.load(FXMLLoader.java:2409)
	at view.View.<clinit>(View.java:88)
	at Catty.start(Catty.java:61)
	at com.sun.javafx.application.LauncherImpl.lambda$launchApplication1$162(LauncherImpl.java:863)
	at com.sun.javafx.application.PlatformImpl.lambda$runAndWait$175(PlatformImpl.java:326)
	at com.sun.javafx.application.PlatformImpl.lambda$null$173(PlatformImpl.java:295)
	at java.security.AccessController.doPrivileged(Native Method)
	at com.sun.javafx.application.PlatformImpl.lambda$runLater$174(PlatformImpl.java:294)
	at com.sun.glass.ui.InvokeLaterDispatcher$Future.run(InvokeLaterDispatcher.java:95)
	at com.sun.glass.ui.win.WinApplication._runLoop(Native Method)
	at com.sun.glass.ui.win.WinApplication.lambda$null$148(WinApplication.java:191)
	at java.lang.Thread.run(Thread.java:745)
20:34:01,868 ERROR JavaFX Application Thread DAOSQLite:pullWorkingTree:163 - SQL Exception!
java.sql.SQLException: statement is not executing
	at org.sqlite.core.CoreStatement.checkOpen(CoreStatement.java:50)
	at org.sqlite.core.CorePreparedStatement.batch(CorePreparedStatement.java:117)
	at org.sqlite.jdbc3.JDBC3PreparedStatement.setString(JDBC3PreparedStatement.java:421)
	at controller.dao.DAOSQLite.pullWorkingTree(DAOSQLite.java:151)
	at model.Model.<clinit>(Model.java:74)
	at view.context.RowContextMenu.<init>(RowContextMenu.java:62)
	at controller.stagecontrollers.MainStageController.<init>(MainStageController.java:76)
	at sun.reflect.NativeConstructorAccessorImpl.newInstance0(Native Method)
	at sun.reflect.NativeConstructorAccessorImpl.newInstance(NativeConstructorAccessorImpl.java:62)
	at sun.reflect.DelegatingConstructorAccessorImpl.newInstance(DelegatingConstructorAccessorImpl.java:45)
	at java.lang.reflect.Constructor.newInstance(Constructor.java:423)
	at java.lang.Class.newInstance(Class.java:442)
	at sun.reflect.misc.ReflectUtil.newInstance(ReflectUtil.java:51)
	at javafx.fxml.FXMLLoader$ValueElement.processAttribute(FXMLLoader.java:927)
	at javafx.fxml.FXMLLoader$InstanceDeclarationElement.processAttribute(FXMLLoader.java:971)
	at javafx.fxml.FXMLLoader$Element.processStartElement(FXMLLoader.java:220)
	at javafx.fxml.FXMLLoader$ValueElement.processStartElement(FXMLLoader.java:744)
	at javafx.fxml.FXMLLoader.processStartElement(FXMLLoader.java:2707)
	at javafx.fxml.FXMLLoader.loadImpl(FXMLLoader.java:2527)
	at javafx.fxml.FXMLLoader.loadImpl(FXMLLoader.java:2441)
	at javafx.fxml.FXMLLoader.load(FXMLLoader.java:2409)
	at view.View.<clinit>(View.java:88)
	at Catty.start(Catty.java:61)
	at com.sun.javafx.application.LauncherImpl.lambda$launchApplication1$162(LauncherImpl.java:863)
	at com.sun.javafx.application.PlatformImpl.lambda$runAndWait$175(PlatformImpl.java:326)
	at com.sun.javafx.application.PlatformImpl.lambda$null$173(PlatformImpl.java:295)
	at java.security.AccessController.doPrivileged(Native Method)
	at com.sun.javafx.application.PlatformImpl.lambda$runLater$174(PlatformImpl.java:294)
	at com.sun.glass.ui.InvokeLaterDispatcher$Future.run(InvokeLaterDispatcher.java:95)
	at com.sun.glass.ui.win.WinApplication._runLoop(Native Method)
	at com.sun.glass.ui.win.WinApplication.lambda$null$148(WinApplication.java:191)
	at java.lang.Thread.run(Thread.java:745)
20:34:01,872 ERROR JavaFX Application Thread DAOSQLite:pullWorkingTree:163 - SQL Exception!
java.sql.SQLException: statement is not executing
	at org.sqlite.core.CoreStatement.checkOpen(CoreStatement.java:50)
	at org.sqlite.core.CorePreparedStatement.batch(CorePreparedStatement.java:117)
	at org.sqlite.jdbc3.JDBC3PreparedStatement.setString(JDBC3PreparedStatement.java:421)
	at controller.dao.DAOSQLite.pullWorkingTree(DAOSQLite.java:151)
	at model.Model.<clinit>(Model.java:74)
	at view.context.RowContextMenu.<init>(RowContextMenu.java:62)
	at controller.stagecontrollers.MainStageController.<init>(MainStageController.java:76)
	at sun.reflect.NativeConstructorAccessorImpl.newInstance0(Native Method)
	at sun.reflect.NativeConstructorAccessorImpl.newInstance(NativeConstructorAccessorImpl.java:62)
	at sun.reflect.DelegatingConstructorAccessorImpl.newInstance(DelegatingConstructorAccessorImpl.java:45)
	at java.lang.reflect.Constructor.newInstance(Constructor.java:423)
	at java.lang.Class.newInstance(Class.java:442)
	at sun.reflect.misc.ReflectUtil.newInstance(ReflectUtil.java:51)
	at javafx.fxml.FXMLLoader$ValueElement.processAttribute(FXMLLoader.java:927)
	at javafx.fxml.FXMLLoader$InstanceDeclarationElement.processAttribute(FXMLLoader.java:971)
	at javafx.fxml.FXMLLoader$Element.processStartElement(FXMLLoader.java:220)
	at javafx.fxml.FXMLLoader$ValueElement.processStartElement(FXMLLoader.java:744)
	at javafx.fxml.FXMLLoader.processStartElement(FXMLLoader.java:2707)
	at javafx.fxml.FXMLLoader.loadImpl(FXMLLoader.java:2527)
	at javafx.fxml.FXMLLoader.loadImpl(FXMLLoader.java:2441)
	at javafx.fxml.FXMLLoader.load(FXMLLoader.java:2409)
	at view.View.<clinit>(View.java:88)
	at Catty.start(Catty.java:61)
	at com.sun.javafx.application.LauncherImpl.lambda$launchApplication1$162(LauncherImpl.java:863)
	at com.sun.javafx.application.PlatformImpl.lambda$runAndWait$175(PlatformImpl.java:326)
	at com.sun.javafx.application.PlatformImpl.lambda$null$173(PlatformImpl.java:295)
	at java.security.AccessController.doPrivileged(Native Method)
	at com.sun.javafx.application.PlatformImpl.lambda$runLater$174(PlatformImpl.java:294)
	at com.sun.glass.ui.InvokeLaterDispatcher$Future.run(InvokeLaterDispatcher.java:95)
	at com.sun.glass.ui.win.WinApplication._runLoop(Native Method)
	at com.sun.glass.ui.win.WinApplication.lambda$null$148(WinApplication.java:191)
	at java.lang.Thread.run(Thread.java:745)
20:34:01,873 ERROR JavaFX Application Thread DAOSQLite:pullWorkingTree:163 - SQL Exception!
java.sql.SQLException: statement is not executing
	at org.sqlite.core.CoreStatement.checkOpen(CoreStatement.java:50)
	at org.sqlite.core.CorePreparedStatement.batch(CorePreparedStatement.java:117)
	at org.sqlite.jdbc3.JDBC3PreparedStatement.setString(JDBC3PreparedStatement.java:421)
	at controller.dao.DAOSQLite.pullWorkingTree(DAOSQLite.java:151)
	at model.Model.<clinit>(Model.java:74)
	at view.context.RowContextMenu.<init>(RowContextMenu.java:62)
	at controller.stagecontrollers.MainStageController.<init>(MainStageController.java:76)
	at sun.reflect.NativeConstructorAccessorImpl.newInstance0(Native Method)
	at sun.reflect.NativeConstructorAccessorImpl.newInstance(NativeConstructorAccessorImpl.java:62)
	at sun.reflect.DelegatingConstructorAccessorImpl.newInstance(DelegatingConstructorAccessorImpl.java:45)
	at java.lang.reflect.Constructor.newInstance(Constructor.java:423)
	at java.lang.Class.newInstance(Class.java:442)
	at sun.reflect.misc.ReflectUtil.newInstance(ReflectUtil.java:51)
	at javafx.fxml.FXMLLoader$ValueElement.processAttribute(FXMLLoader.java:927)
	at javafx.fxml.FXMLLoader$InstanceDeclarationElement.processAttribute(FXMLLoader.java:971)
	at javafx.fxml.FXMLLoader$Element.processStartElement(FXMLLoader.java:220)
	at javafx.fxml.FXMLLoader$ValueElement.processStartElement(FXMLLoader.java:744)
	at javafx.fxml.FXMLLoader.processStartElement(FXMLLoader.java:2707)
	at javafx.fxml.FXMLLoader.loadImpl(FXMLLoader.java:2527)
	at javafx.fxml.FXMLLoader.loadImpl(FXMLLoader.java:2441)
	at javafx.fxml.FXMLLoader.load(FXMLLoader.java:2409)
	at view.View.<clinit>(View.java:88)
	at Catty.start(Catty.java:61)
	at com.sun.javafx.application.LauncherImpl.lambda$launchApplication1$162(LauncherImpl.java:863)
	at com.sun.javafx.application.PlatformImpl.lambda$runAndWait$175(PlatformImpl.java:326)
	at com.sun.javafx.application.PlatformImpl.lambda$null$173(PlatformImpl.java:295)
	at java.security.AccessController.doPrivileged(Native Method)
	at com.sun.javafx.application.PlatformImpl.lambda$runLater$174(PlatformImpl.java:294)
	at com.sun.glass.ui.InvokeLaterDispatcher$Future.run(InvokeLaterDispatcher.java:95)
	at com.sun.glass.ui.win.WinApplication._runLoop(Native Method)
	at com.sun.glass.ui.win.WinApplication.lambda$null$148(WinApplication.java:191)
	at java.lang.Thread.run(Thread.java:745)
20:34:22,826 FATAL JavaFX Application Thread DAOSQLite:disconnect:105 - Cannot disconnect from database!
org.sqlite.SQLiteException: [SQLITE_ERROR] SQL error or missing database (Connection is closed)
	at org.sqlite.core.DB.newSQLException(DB.java:909)
	at org.sqlite.core.CoreStatement.internalClose(CoreStatement.java:115)
	at org.sqlite.jdbc3.JDBC3Statement.close(JDBC3Statement.java:35)
	at org.sqlite.jdbc4.JDBC4Statement.close(JDBC4Statement.java:27)
	at controller.dao.DAOSQLite.disconnect(DAOSQLite.java:95)
	at Catty.stop(Catty.java:67)
	at com.sun.javafx.application.LauncherImpl.lambda$launchApplication1$163(LauncherImpl.java:882)
	at com.sun.javafx.application.PlatformImpl.lambda$runAndWait$175(PlatformImpl.java:326)
	at com.sun.javafx.application.PlatformImpl.lambda$null$173(PlatformImpl.java:295)
	at java.security.AccessController.doPrivileged(Native Method)
	at com.sun.javafx.application.PlatformImpl.lambda$runLater$174(PlatformImpl.java:294)
	at com.sun.glass.ui.InvokeLaterDispatcher$Future.run(InvokeLaterDispatcher.java:95)
	at com.sun.glass.ui.win.WinApplication._runLoop(Native Method)
	at com.sun.glass.ui.win.WinApplication.lambda$null$148(WinApplication.java:191)
	at java.lang.Thread.run(Thread.java:745)
20:35:15,644 DEBUG pool-2-thread-1 DAOSQLite:connect:62 - Connected
20:35:22,831 ERROR JavaFX Application Thread DAOSQLite:pullWorkingTree:163 - SQL Exception!
java.sql.SQLException: statement is not executing
	at org.sqlite.core.CoreStatement.checkOpen(CoreStatement.java:50)
	at org.sqlite.core.CorePreparedStatement.batch(CorePreparedStatement.java:117)
	at org.sqlite.jdbc3.JDBC3PreparedStatement.setString(JDBC3PreparedStatement.java:421)
	at controller.dao.DAOSQLite.pullWorkingTree(DAOSQLite.java:151)
	at model.Model.<clinit>(Model.java:74)
	at view.context.RowContextMenu.<init>(RowContextMenu.java:62)
	at controller.stagecontrollers.MainStageController.<init>(MainStageController.java:76)
	at sun.reflect.NativeConstructorAccessorImpl.newInstance0(Native Method)
	at sun.reflect.NativeConstructorAccessorImpl.newInstance(NativeConstructorAccessorImpl.java:62)
	at sun.reflect.DelegatingConstructorAccessorImpl.newInstance(DelegatingConstructorAccessorImpl.java:45)
	at java.lang.reflect.Constructor.newInstance(Constructor.java:423)
	at java.lang.Class.newInstance(Class.java:442)
	at sun.reflect.misc.ReflectUtil.newInstance(ReflectUtil.java:51)
	at javafx.fxml.FXMLLoader$ValueElement.processAttribute(FXMLLoader.java:927)
	at javafx.fxml.FXMLLoader$InstanceDeclarationElement.processAttribute(FXMLLoader.java:971)
	at javafx.fxml.FXMLLoader$Element.processStartElement(FXMLLoader.java:220)
	at javafx.fxml.FXMLLoader$ValueElement.processStartElement(FXMLLoader.java:744)
	at javafx.fxml.FXMLLoader.processStartElement(FXMLLoader.java:2707)
	at javafx.fxml.FXMLLoader.loadImpl(FXMLLoader.java:2527)
	at javafx.fxml.FXMLLoader.loadImpl(FXMLLoader.java:2441)
	at javafx.fxml.FXMLLoader.load(FXMLLoader.java:2409)
	at view.View.<clinit>(View.java:88)
	at Catty.start(Catty.java:61)
	at com.sun.javafx.application.LauncherImpl.lambda$launchApplication1$162(LauncherImpl.java:863)
	at com.sun.javafx.application.PlatformImpl.lambda$runAndWait$175(PlatformImpl.java:326)
	at com.sun.javafx.application.PlatformImpl.lambda$null$173(PlatformImpl.java:295)
	at java.security.AccessController.doPrivileged(Native Method)
	at com.sun.javafx.application.PlatformImpl.lambda$runLater$174(PlatformImpl.java:294)
	at com.sun.glass.ui.InvokeLaterDispatcher$Future.run(InvokeLaterDispatcher.java:95)
	at com.sun.glass.ui.win.WinApplication._runLoop(Native Method)
	at com.sun.glass.ui.win.WinApplication.lambda$null$148(WinApplication.java:191)
	at java.lang.Thread.run(Thread.java:745)
20:35:22,858 ERROR JavaFX Application Thread DAOSQLite:pullWorkingTree:163 - SQL Exception!
java.sql.SQLException: statement is not executing
	at org.sqlite.core.CoreStatement.checkOpen(CoreStatement.java:50)
	at org.sqlite.core.CorePreparedStatement.batch(CorePreparedStatement.java:117)
	at org.sqlite.jdbc3.JDBC3PreparedStatement.setString(JDBC3PreparedStatement.java:421)
	at controller.dao.DAOSQLite.pullWorkingTree(DAOSQLite.java:151)
	at model.Model.<clinit>(Model.java:74)
	at view.context.RowContextMenu.<init>(RowContextMenu.java:62)
	at controller.stagecontrollers.MainStageController.<init>(MainStageController.java:76)
	at sun.reflect.NativeConstructorAccessorImpl.newInstance0(Native Method)
	at sun.reflect.NativeConstructorAccessorImpl.newInstance(NativeConstructorAccessorImpl.java:62)
	at sun.reflect.DelegatingConstructorAccessorImpl.newInstance(DelegatingConstructorAccessorImpl.java:45)
	at java.lang.reflect.Constructor.newInstance(Constructor.java:423)
	at java.lang.Class.newInstance(Class.java:442)
	at sun.reflect.misc.ReflectUtil.newInstance(ReflectUtil.java:51)
	at javafx.fxml.FXMLLoader$ValueElement.processAttribute(FXMLLoader.java:927)
	at javafx.fxml.FXMLLoader$InstanceDeclarationElement.processAttribute(FXMLLoader.java:971)
	at javafx.fxml.FXMLLoader$Element.processStartElement(FXMLLoader.java:220)
	at javafx.fxml.FXMLLoader$ValueElement.processStartElement(FXMLLoader.java:744)
	at javafx.fxml.FXMLLoader.processStartElement(FXMLLoader.java:2707)
	at javafx.fxml.FXMLLoader.loadImpl(FXMLLoader.java:2527)
	at javafx.fxml.FXMLLoader.loadImpl(FXMLLoader.java:2441)
	at javafx.fxml.FXMLLoader.load(FXMLLoader.java:2409)
	at view.View.<clinit>(View.java:88)
	at Catty.start(Catty.java:61)
	at com.sun.javafx.application.LauncherImpl.lambda$launchApplication1$162(LauncherImpl.java:863)
	at com.sun.javafx.application.PlatformImpl.lambda$runAndWait$175(PlatformImpl.java:326)
	at com.sun.javafx.application.PlatformImpl.lambda$null$173(PlatformImpl.java:295)
	at java.security.AccessController.doPrivileged(Native Method)
	at com.sun.javafx.application.PlatformImpl.lambda$runLater$174(PlatformImpl.java:294)
	at com.sun.glass.ui.InvokeLaterDispatcher$Future.run(InvokeLaterDispatcher.java:95)
	at com.sun.glass.ui.win.WinApplication._runLoop(Native Method)
	at com.sun.glass.ui.win.WinApplication.lambda$null$148(WinApplication.java:191)
	at java.lang.Thread.run(Thread.java:745)
20:35:22,866 ERROR JavaFX Application Thread DAOSQLite:pullWorkingTree:163 - SQL Exception!
java.sql.SQLException: statement is not executing
	at org.sqlite.core.CoreStatement.checkOpen(CoreStatement.java:50)
	at org.sqlite.core.CorePreparedStatement.batch(CorePreparedStatement.java:117)
	at org.sqlite.jdbc3.JDBC3PreparedStatement.setString(JDBC3PreparedStatement.java:421)
	at controller.dao.DAOSQLite.pullWorkingTree(DAOSQLite.java:151)
	at model.Model.<clinit>(Model.java:74)
	at view.context.RowContextMenu.<init>(RowContextMenu.java:62)
	at controller.stagecontrollers.MainStageController.<init>(MainStageController.java:76)
	at sun.reflect.NativeConstructorAccessorImpl.newInstance0(Native Method)
	at sun.reflect.NativeConstructorAccessorImpl.newInstance(NativeConstructorAccessorImpl.java:62)
	at sun.reflect.DelegatingConstructorAccessorImpl.newInstance(DelegatingConstructorAccessorImpl.java:45)
	at java.lang.reflect.Constructor.newInstance(Constructor.java:423)
	at java.lang.Class.newInstance(Class.java:442)
	at sun.reflect.misc.ReflectUtil.newInstance(ReflectUtil.java:51)
	at javafx.fxml.FXMLLoader$ValueElement.processAttribute(FXMLLoader.java:927)
	at javafx.fxml.FXMLLoader$InstanceDeclarationElement.processAttribute(FXMLLoader.java:971)
	at javafx.fxml.FXMLLoader$Element.processStartElement(FXMLLoader.java:220)
	at javafx.fxml.FXMLLoader$ValueElement.processStartElement(FXMLLoader.java:744)
	at javafx.fxml.FXMLLoader.processStartElement(FXMLLoader.java:2707)
	at javafx.fxml.FXMLLoader.loadImpl(FXMLLoader.java:2527)
	at javafx.fxml.FXMLLoader.loadImpl(FXMLLoader.java:2441)
	at javafx.fxml.FXMLLoader.load(FXMLLoader.java:2409)
	at view.View.<clinit>(View.java:88)
	at Catty.start(Catty.java:61)
	at com.sun.javafx.application.LauncherImpl.lambda$launchApplication1$162(LauncherImpl.java:863)
	at com.sun.javafx.application.PlatformImpl.lambda$runAndWait$175(PlatformImpl.java:326)
	at com.sun.javafx.application.PlatformImpl.lambda$null$173(PlatformImpl.java:295)
	at java.security.AccessController.doPrivileged(Native Method)
	at com.sun.javafx.application.PlatformImpl.lambda$runLater$174(PlatformImpl.java:294)
	at com.sun.glass.ui.InvokeLaterDispatcher$Future.run(InvokeLaterDispatcher.java:95)
	at com.sun.glass.ui.win.WinApplication._runLoop(Native Method)
	at com.sun.glass.ui.win.WinApplication.lambda$null$148(WinApplication.java:191)
	at java.lang.Thread.run(Thread.java:745)
20:35:22,874 ERROR JavaFX Application Thread DAOSQLite:pullWorkingTree:163 - SQL Exception!
java.sql.SQLException: statement is not executing
	at org.sqlite.core.CoreStatement.checkOpen(CoreStatement.java:50)
	at org.sqlite.core.CorePreparedStatement.batch(CorePreparedStatement.java:117)
	at org.sqlite.jdbc3.JDBC3PreparedStatement.setString(JDBC3PreparedStatement.java:421)
	at controller.dao.DAOSQLite.pullWorkingTree(DAOSQLite.java:151)
	at model.Model.<clinit>(Model.java:74)
	at view.context.RowContextMenu.<init>(RowContextMenu.java:62)
	at controller.stagecontrollers.MainStageController.<init>(MainStageController.java:76)
	at sun.reflect.NativeConstructorAccessorImpl.newInstance0(Native Method)
	at sun.reflect.NativeConstructorAccessorImpl.newInstance(NativeConstructorAccessorImpl.java:62)
	at sun.reflect.DelegatingConstructorAccessorImpl.newInstance(DelegatingConstructorAccessorImpl.java:45)
	at java.lang.reflect.Constructor.newInstance(Constructor.java:423)
	at java.lang.Class.newInstance(Class.java:442)
	at sun.reflect.misc.ReflectUtil.newInstance(ReflectUtil.java:51)
	at javafx.fxml.FXMLLoader$ValueElement.processAttribute(FXMLLoader.java:927)
	at javafx.fxml.FXMLLoader$InstanceDeclarationElement.processAttribute(FXMLLoader.java:971)
	at javafx.fxml.FXMLLoader$Element.processStartElement(FXMLLoader.java:220)
	at javafx.fxml.FXMLLoader$ValueElement.processStartElement(FXMLLoader.java:744)
	at javafx.fxml.FXMLLoader.processStartElement(FXMLLoader.java:2707)
	at javafx.fxml.FXMLLoader.loadImpl(FXMLLoader.java:2527)
	at javafx.fxml.FXMLLoader.loadImpl(FXMLLoader.java:2441)
	at javafx.fxml.FXMLLoader.load(FXMLLoader.java:2409)
	at view.View.<clinit>(View.java:88)
	at Catty.start(Catty.java:61)
	at com.sun.javafx.application.LauncherImpl.lambda$launchApplication1$162(LauncherImpl.java:863)
	at com.sun.javafx.application.PlatformImpl.lambda$runAndWait$175(PlatformImpl.java:326)
	at com.sun.javafx.application.PlatformImpl.lambda$null$173(PlatformImpl.java:295)
	at java.security.AccessController.doPrivileged(Native Method)
	at com.sun.javafx.application.PlatformImpl.lambda$runLater$174(PlatformImpl.java:294)
	at com.sun.glass.ui.InvokeLaterDispatcher$Future.run(InvokeLaterDispatcher.java:95)
	at com.sun.glass.ui.win.WinApplication._runLoop(Native Method)
	at com.sun.glass.ui.win.WinApplication.lambda$null$148(WinApplication.java:191)
	at java.lang.Thread.run(Thread.java:745)
20:35:33,935 FATAL JavaFX Application Thread DAOSQLite:disconnect:105 - Cannot disconnect from database!
org.sqlite.SQLiteException: [SQLITE_ERROR] SQL error or missing database (Connection is closed)
	at org.sqlite.core.DB.newSQLException(DB.java:909)
	at org.sqlite.core.CoreStatement.internalClose(CoreStatement.java:115)
	at org.sqlite.jdbc3.JDBC3Statement.close(JDBC3Statement.java:35)
	at org.sqlite.jdbc4.JDBC4Statement.close(JDBC4Statement.java:27)
	at controller.dao.DAOSQLite.disconnect(DAOSQLite.java:95)
	at Catty.stop(Catty.java:67)
	at com.sun.javafx.application.LauncherImpl.lambda$launchApplication1$163(LauncherImpl.java:882)
	at com.sun.javafx.application.PlatformImpl.lambda$runAndWait$175(PlatformImpl.java:326)
	at com.sun.javafx.application.PlatformImpl.lambda$null$173(PlatformImpl.java:295)
	at java.security.AccessController.doPrivileged(Native Method)
	at com.sun.javafx.application.PlatformImpl.lambda$runLater$174(PlatformImpl.java:294)
	at com.sun.glass.ui.InvokeLaterDispatcher$Future.run(InvokeLaterDispatcher.java:95)
	at com.sun.glass.ui.win.WinApplication._runLoop(Native Method)
	at com.sun.glass.ui.win.WinApplication.lambda$null$148(WinApplication.java:191)
	at java.lang.Thread.run(Thread.java:745)
20:37:10,136 DEBUG pool-2-thread-1 DAOSQLite:connect:62 - Connected
20:37:49,055 ERROR JavaFX Application Thread DAOSQLite:pullWorkingTree:163 - SQL Exception!
java.sql.SQLException: statement is not executing
	at org.sqlite.core.CoreStatement.checkOpen(CoreStatement.java:50)
	at org.sqlite.core.CorePreparedStatement.batch(CorePreparedStatement.java:117)
	at org.sqlite.jdbc3.JDBC3PreparedStatement.setString(JDBC3PreparedStatement.java:421)
	at controller.dao.DAOSQLite.pullWorkingTree(DAOSQLite.java:151)
	at model.Model.<clinit>(Model.java:74)
	at view.context.RowContextMenu.<init>(RowContextMenu.java:62)
	at controller.stagecontrollers.MainStageController.<init>(MainStageController.java:76)
	at sun.reflect.NativeConstructorAccessorImpl.newInstance0(Native Method)
	at sun.reflect.NativeConstructorAccessorImpl.newInstance(NativeConstructorAccessorImpl.java:62)
	at sun.reflect.DelegatingConstructorAccessorImpl.newInstance(DelegatingConstructorAccessorImpl.java:45)
	at java.lang.reflect.Constructor.newInstance(Constructor.java:423)
	at java.lang.Class.newInstance(Class.java:442)
	at sun.reflect.misc.ReflectUtil.newInstance(ReflectUtil.java:51)
	at javafx.fxml.FXMLLoader$ValueElement.processAttribute(FXMLLoader.java:927)
	at javafx.fxml.FXMLLoader$InstanceDeclarationElement.processAttribute(FXMLLoader.java:971)
	at javafx.fxml.FXMLLoader$Element.processStartElement(FXMLLoader.java:220)
	at javafx.fxml.FXMLLoader$ValueElement.processStartElement(FXMLLoader.java:744)
	at javafx.fxml.FXMLLoader.processStartElement(FXMLLoader.java:2707)
	at javafx.fxml.FXMLLoader.loadImpl(FXMLLoader.java:2527)
	at javafx.fxml.FXMLLoader.loadImpl(FXMLLoader.java:2441)
	at javafx.fxml.FXMLLoader.load(FXMLLoader.java:2409)
	at view.View.<clinit>(View.java:88)
	at Catty.start(Catty.java:61)
	at com.sun.javafx.application.LauncherImpl.lambda$launchApplication1$162(LauncherImpl.java:863)
	at com.sun.javafx.application.PlatformImpl.lambda$runAndWait$175(PlatformImpl.java:326)
	at com.sun.javafx.application.PlatformImpl.lambda$null$173(PlatformImpl.java:295)
	at java.security.AccessController.doPrivileged(Native Method)
	at com.sun.javafx.application.PlatformImpl.lambda$runLater$174(PlatformImpl.java:294)
	at com.sun.glass.ui.InvokeLaterDispatcher$Future.run(InvokeLaterDispatcher.java:95)
	at com.sun.glass.ui.win.WinApplication._runLoop(Native Method)
	at com.sun.glass.ui.win.WinApplication.lambda$null$148(WinApplication.java:191)
	at java.lang.Thread.run(Thread.java:745)
20:38:14,957 ERROR JavaFX Application Thread DAOSQLite:pullWorkingTree:163 - SQL Exception!
java.sql.SQLException: statement is not executing
	at org.sqlite.core.CoreStatement.checkOpen(CoreStatement.java:50)
	at org.sqlite.core.CorePreparedStatement.batch(CorePreparedStatement.java:117)
	at org.sqlite.jdbc3.JDBC3PreparedStatement.setString(JDBC3PreparedStatement.java:421)
	at controller.dao.DAOSQLite.pullWorkingTree(DAOSQLite.java:151)
	at model.Model.<clinit>(Model.java:74)
	at view.context.RowContextMenu.<init>(RowContextMenu.java:62)
	at controller.stagecontrollers.MainStageController.<init>(MainStageController.java:76)
	at sun.reflect.NativeConstructorAccessorImpl.newInstance0(Native Method)
	at sun.reflect.NativeConstructorAccessorImpl.newInstance(NativeConstructorAccessorImpl.java:62)
	at sun.reflect.DelegatingConstructorAccessorImpl.newInstance(DelegatingConstructorAccessorImpl.java:45)
	at java.lang.reflect.Constructor.newInstance(Constructor.java:423)
	at java.lang.Class.newInstance(Class.java:442)
	at sun.reflect.misc.ReflectUtil.newInstance(ReflectUtil.java:51)
	at javafx.fxml.FXMLLoader$ValueElement.processAttribute(FXMLLoader.java:927)
	at javafx.fxml.FXMLLoader$InstanceDeclarationElement.processAttribute(FXMLLoader.java:971)
	at javafx.fxml.FXMLLoader$Element.processStartElement(FXMLLoader.java:220)
	at javafx.fxml.FXMLLoader$ValueElement.processStartElement(FXMLLoader.java:744)
	at javafx.fxml.FXMLLoader.processStartElement(FXMLLoader.java:2707)
	at javafx.fxml.FXMLLoader.loadImpl(FXMLLoader.java:2527)
	at javafx.fxml.FXMLLoader.loadImpl(FXMLLoader.java:2441)
	at javafx.fxml.FXMLLoader.load(FXMLLoader.java:2409)
	at view.View.<clinit>(View.java:88)
	at Catty.start(Catty.java:61)
	at com.sun.javafx.application.LauncherImpl.lambda$launchApplication1$162(LauncherImpl.java:863)
	at com.sun.javafx.application.PlatformImpl.lambda$runAndWait$175(PlatformImpl.java:326)
	at com.sun.javafx.application.PlatformImpl.lambda$null$173(PlatformImpl.java:295)
	at java.security.AccessController.doPrivileged(Native Method)
	at com.sun.javafx.application.PlatformImpl.lambda$runLater$174(PlatformImpl.java:294)
	at com.sun.glass.ui.InvokeLaterDispatcher$Future.run(InvokeLaterDispatcher.java:95)
	at com.sun.glass.ui.win.WinApplication._runLoop(Native Method)
	at com.sun.glass.ui.win.WinApplication.lambda$null$148(WinApplication.java:191)
	at java.lang.Thread.run(Thread.java:745)
20:38:14,961 ERROR JavaFX Application Thread DAOSQLite:pullWorkingTree:163 - SQL Exception!
java.sql.SQLException: statement is not executing
	at org.sqlite.core.CoreStatement.checkOpen(CoreStatement.java:50)
	at org.sqlite.core.CorePreparedStatement.batch(CorePreparedStatement.java:117)
	at org.sqlite.jdbc3.JDBC3PreparedStatement.setString(JDBC3PreparedStatement.java:421)
	at controller.dao.DAOSQLite.pullWorkingTree(DAOSQLite.java:151)
	at model.Model.<clinit>(Model.java:74)
	at view.context.RowContextMenu.<init>(RowContextMenu.java:62)
	at controller.stagecontrollers.MainStageController.<init>(MainStageController.java:76)
	at sun.reflect.NativeConstructorAccessorImpl.newInstance0(Native Method)
	at sun.reflect.NativeConstructorAccessorImpl.newInstance(NativeConstructorAccessorImpl.java:62)
	at sun.reflect.DelegatingConstructorAccessorImpl.newInstance(DelegatingConstructorAccessorImpl.java:45)
	at java.lang.reflect.Constructor.newInstance(Constructor.java:423)
	at java.lang.Class.newInstance(Class.java:442)
	at sun.reflect.misc.ReflectUtil.newInstance(ReflectUtil.java:51)
	at javafx.fxml.FXMLLoader$ValueElement.processAttribute(FXMLLoader.java:927)
	at javafx.fxml.FXMLLoader$InstanceDeclarationElement.processAttribute(FXMLLoader.java:971)
	at javafx.fxml.FXMLLoader$Element.processStartElement(FXMLLoader.java:220)
	at javafx.fxml.FXMLLoader$ValueElement.processStartElement(FXMLLoader.java:744)
	at javafx.fxml.FXMLLoader.processStartElement(FXMLLoader.java:2707)
	at javafx.fxml.FXMLLoader.loadImpl(FXMLLoader.java:2527)
	at javafx.fxml.FXMLLoader.loadImpl(FXMLLoader.java:2441)
	at javafx.fxml.FXMLLoader.load(FXMLLoader.java:2409)
	at view.View.<clinit>(View.java:88)
	at Catty.start(Catty.java:61)
	at com.sun.javafx.application.LauncherImpl.lambda$launchApplication1$162(LauncherImpl.java:863)
	at com.sun.javafx.application.PlatformImpl.lambda$runAndWait$175(PlatformImpl.java:326)
	at com.sun.javafx.application.PlatformImpl.lambda$null$173(PlatformImpl.java:295)
	at java.security.AccessController.doPrivileged(Native Method)
	at com.sun.javafx.application.PlatformImpl.lambda$runLater$174(PlatformImpl.java:294)
	at com.sun.glass.ui.InvokeLaterDispatcher$Future.run(InvokeLaterDispatcher.java:95)
	at com.sun.glass.ui.win.WinApplication._runLoop(Native Method)
	at com.sun.glass.ui.win.WinApplication.lambda$null$148(WinApplication.java:191)
	at java.lang.Thread.run(Thread.java:745)
20:38:14,967 ERROR JavaFX Application Thread DAOSQLite:pullWorkingTree:163 - SQL Exception!
java.sql.SQLException: statement is not executing
	at org.sqlite.core.CoreStatement.checkOpen(CoreStatement.java:50)
	at org.sqlite.core.CorePreparedStatement.batch(CorePreparedStatement.java:117)
	at org.sqlite.jdbc3.JDBC3PreparedStatement.setString(JDBC3PreparedStatement.java:421)
	at controller.dao.DAOSQLite.pullWorkingTree(DAOSQLite.java:151)
	at model.Model.<clinit>(Model.java:74)
	at view.context.RowContextMenu.<init>(RowContextMenu.java:62)
	at controller.stagecontrollers.MainStageController.<init>(MainStageController.java:76)
	at sun.reflect.NativeConstructorAccessorImpl.newInstance0(Native Method)
	at sun.reflect.NativeConstructorAccessorImpl.newInstance(NativeConstructorAccessorImpl.java:62)
	at sun.reflect.DelegatingConstructorAccessorImpl.newInstance(DelegatingConstructorAccessorImpl.java:45)
	at java.lang.reflect.Constructor.newInstance(Constructor.java:423)
	at java.lang.Class.newInstance(Class.java:442)
	at sun.reflect.misc.ReflectUtil.newInstance(ReflectUtil.java:51)
	at javafx.fxml.FXMLLoader$ValueElement.processAttribute(FXMLLoader.java:927)
	at javafx.fxml.FXMLLoader$InstanceDeclarationElement.processAttribute(FXMLLoader.java:971)
	at javafx.fxml.FXMLLoader$Element.processStartElement(FXMLLoader.java:220)
	at javafx.fxml.FXMLLoader$ValueElement.processStartElement(FXMLLoader.java:744)
	at javafx.fxml.FXMLLoader.processStartElement(FXMLLoader.java:2707)
	at javafx.fxml.FXMLLoader.loadImpl(FXMLLoader.java:2527)
	at javafx.fxml.FXMLLoader.loadImpl(FXMLLoader.java:2441)
	at javafx.fxml.FXMLLoader.load(FXMLLoader.java:2409)
	at view.View.<clinit>(View.java:88)
	at Catty.start(Catty.java:61)
	at com.sun.javafx.application.LauncherImpl.lambda$launchApplication1$162(LauncherImpl.java:863)
	at com.sun.javafx.application.PlatformImpl.lambda$runAndWait$175(PlatformImpl.java:326)
	at com.sun.javafx.application.PlatformImpl.lambda$null$173(PlatformImpl.java:295)
	at java.security.AccessController.doPrivileged(Native Method)
	at com.sun.javafx.application.PlatformImpl.lambda$runLater$174(PlatformImpl.java:294)
	at com.sun.glass.ui.InvokeLaterDispatcher$Future.run(InvokeLaterDispatcher.java:95)
	at com.sun.glass.ui.win.WinApplication._runLoop(Native Method)
	at com.sun.glass.ui.win.WinApplication.lambda$null$148(WinApplication.java:191)
	at java.lang.Thread.run(Thread.java:745)
21:13:48,127 DEBUG pool-2-thread-1 DAOSQLite:connect:65 - Connected
21:13:57,774 DEBUG JavaFX Application Thread DAOSQLite:disconnect:85 - Disconnected
21:18:20,840 DEBUG JavaFX Application Thread DAOSQLite:disconnect:85 - Disconnected
21:22:18,935 DEBUG JavaFX Application Thread DAOSQLite:disconnect:85 - Disconnected
23:28:54,630 DEBUG pool-2-thread-1 DAOSQLite:connect:65 - Connected
23:29:10,276 DEBUG JavaFX Application Thread DAOSQLite:disconnect:85 - Disconnected
23:30:34,655 DEBUG pool-2-thread-1 DAOSQLite:connect:65 - Connected
01:49:26,217 DEBUG pool-2-thread-1 DAOSQLite:connect:64 - Connected
01:51:03,068 DEBUG pool-2-thread-1 DAOSQLite:connect:64 - Connected
01:51:06,671 DEBUG JavaFX Application Thread DAOSQLite:disconnect:84 - Disconnected
01:51:09,136 DEBUG JavaFX Application Thread DAOSQLite:disconnect:84 - Disconnected
01:51:17,097 DEBUG pool-2-thread-1 DAOSQLite:connect:64 - Connected
01:51:19,956 DEBUG JavaFX Application Thread DAOSQLite:disconnect:84 - Disconnected
01:51:52,031 DEBUG pool-2-thread-1 DAOSQLite:connect:64 - Connected
01:52:04,565 DEBUG JavaFX Application Thread DAOSQLite:disconnect:84 - Disconnected
02:03:26,696 DEBUG pool-2-thread-1 DAOSQLite:connect:64 - Connected
02:03:40,451 DEBUG JavaFX Application Thread DAOSQLite:disconnect:84 - Disconnected
02:11:08,994 DEBUG pool-2-thread-1 DAOSQLite:connect:64 - Connected
02:14:20,104 DEBUG pool-2-thread-1 DAOSQLite:connect:64 - Connected
02:25:44,233 DEBUG JavaFX Application Thread DAOSQLite:disconnect:84 - Disconnected
